<?xml version="1.0" encoding="UTF-8"?>
<Site BuildName="Darwin-c++"
	BuildStamp="20230911-2016-Experimental"
	Name="cliente-150-162-180-187.wireless.ufsc.br"
	Generator="ctest-3.27.2"
	CompilerName="/Applications/Xcode.app/Contents/Developer/Toolchains/XcodeDefault.xctoolchain/usr/bin/c++"
	CompilerVersion="14.0.3.14030022"
	OSName="macOS"
	Hostname="cliente-150-162-181-237.wireless.ufsc.br"
	OSRelease="13.5.2"
	OSVersion="22G91"
	OSPlatform="arm64"
	Is64Bits="1"
	VendorString="IBM"
	VendorID="IBM"
	FamilyID="16777228"
	ModelID="2"
	ProcessorCacheSize="131072"
	NumberOfLogicalCPU="10"
	NumberOfPhysicalCPU="10"
	TotalVirtualMemory="0"
	TotalPhysicalMemory="16384"
	LogicalProcessorsPerPhysical="10"
	ProcessorClockFrequency="0"
	>
	<Testing>
		<StartDateTime>Sep 11 17:16 -03</StartDateTime>
		<StartTestTime>1694463415</StartTestTime>
		<TestList/>
		<EndDateTime>Sep 11 17:16 -03</EndDateTime>
		<EndTestTime>1694463415</EndTestTime>
		<ElapsedMinutes>0</ElapsedMinutes>
	</Testing>
</Site>
