<?xml version="1.0" encoding="UTF-8"?>
<Site BuildName="Darwin-c++"
	BuildStamp="20230829-1521-Experimental"
	Name="Gabriels-MacBook-Pro.local"
	Generator="ctest-3.27.2"
	CompilerName="/Applications/Xcode.app/Contents/Developer/Toolchains/XcodeDefault.xctoolchain/usr/bin/c++"
	CompilerVersion="14.0.3.14030022"
	OSName="macOS"
	Hostname="cliente-150-162-181-183.wireless.ufsc.br"
	OSRelease="13.4.1"
	OSVersion="22F770820d"
	OSPlatform="arm64"
	Is64Bits="1"
	VendorString="IBM"
	VendorID="IBM"
	FamilyID="16777228"
	ModelID="2"
	ProcessorCacheSize="131072"
	NumberOfLogicalCPU="10"
	NumberOfPhysicalCPU="10"
	TotalVirtualMemory="0"
	TotalPhysicalMemory="16384"
	LogicalProcessorsPerPhysical="10"
	ProcessorClockFrequency="0"
	>
	<Testing>
		<StartDateTime>Aug 29 16:14 -03</StartDateTime>
		<StartTestTime>1693336495</StartTestTime>
		<TestList/>
		<EndDateTime>Aug 29 16:14 -03</EndDateTime>
		<EndTestTime>1693336495</EndTestTime>
		<ElapsedMinutes>0</ElapsedMinutes>
	</Testing>
</Site>
