<?xml version="1.0" encoding="UTF-8"?>
<Site BuildName="Darwin-c++"
	BuildStamp="20231018-2036-Experimental"
	Name="cliente-150-162-180-187.wireless.ufsc.br"
	Generator="ctest-3.27.2"
	CompilerName="/Applications/Xcode.app/Contents/Developer/Toolchains/XcodeDefault.xctoolchain/usr/bin/c++"
	CompilerVersion="14.0.3.14030022"
	OSName="macOS"
	Hostname="Gabriels-MacBook-Pro.local"
	OSRelease="13.6"
	OSVersion="22G120"
	OSPlatform="arm64"
	Is64Bits="1"
	VendorString="IBM"
	VendorID="IBM"
	FamilyID="16777228"
	ModelID="2"
	ProcessorCacheSize="131072"
	NumberOfLogicalCPU="10"
	NumberOfPhysicalCPU="10"
	TotalVirtualMemory="0"
	TotalPhysicalMemory="16384"
	LogicalProcessorsPerPhysical="10"
	ProcessorClockFrequency="0"
	>
	<Testing>
		<StartDateTime>Oct 18 17:36 -03</StartDateTime>
		<StartTestTime>1697661407</StartTestTime>
		<TestList/>
		<EndDateTime>Oct 18 17:36 -03</EndDateTime>
		<EndTestTime>1697661407</EndTestTime>
		<ElapsedMinutes>0</ElapsedMinutes>
	</Testing>
</Site>
