<?xml version="1.0" encoding="UTF-8"?>
<Site BuildName="Darwin-clang++"
	BuildStamp="20230828-1931-Experimental"
	Name="cliente-150-162-181-218.wireless.ufsc.br"
	Generator="ctest-3.27.2"
	CompilerName="/usr/bin/clang++"
	CompilerVersion="14.0.3.14030022"
	OSName="macOS"
	Hostname="cliente-150-162-181-218.wireless.ufsc.br"
	OSRelease="13.4.1"
	OSVersion="22F770820d"
	OSPlatform="arm64"
	Is64Bits="1"
	VendorString="IBM"
	VendorID="IBM"
	FamilyID="16777228"
	ModelID="2"
	ProcessorCacheSize="131072"
	NumberOfLogicalCPU="10"
	NumberOfPhysicalCPU="10"
	TotalVirtualMemory="0"
	TotalPhysicalMemory="16384"
	LogicalProcessorsPerPhysical="10"
	ProcessorClockFrequency="0"
	>
	<Testing>
		<StartDateTime>Aug 28 16:36 -03</StartDateTime>
		<StartTestTime>1693251390</StartTestTime>
		<TestList/>
		<EndDateTime>Aug 28 16:36 -03</EndDateTime>
		<EndTestTime>1693251390</EndTestTime>
		<ElapsedMinutes>0</ElapsedMinutes>
	</Testing>
</Site>
